1763834492790	geckodriver	INFO	Listening on 127.0.0.1:57308
1763834495903	mozrunner::runner	INFO	Running command: "C:\\Users\\clems\\.cache\\selenium\\firefox\\win64\\145.0.1\\firefox.exe" "--marionette" "--remote-debuggin ... 9" "--remote-allow-hosts" "localhost" "-no-remote" "-profile" "C:\\Users\\clems\\AppData\\Local\\Temp\\rust_mozprofileJVxMQG"
console.warn: services.settings: Ignoring preference override of remote settings server
console.warn: services.settings: Allow by setting MOZ_REMOTE_SETTINGS_DEVTOOLS=1 in the environment
Dynamically enable window occlusion 0
1763834520624	Marionette	INFO	Marionette enabled
1763834520888	Marionette	INFO	Listening on port 57327
WebDriver BiDi listening on ws://127.0.0.1:57309
Read port: 57327
1763834521134	RemoteAgent	WARN	TLS certificate errors will be ignored for this session
[GFX1-]: Fallback WR to SW-WR + D3D11
[GFX1-]: Failed to launch GPU process after 3 attempts
[GFX1-]: [D3D11] failed to get compositor device.
[GFX1-]: Failed to initialize CompositorD3D11 for SWGL: FEATURE_FAILURE_D3D11_NO_DEVICE
JavaScript error: resource://gre/actors/FormHandlerChild.sys.mjs, line 103: InvalidStateError: JSWindowActorChild.document getter: Cannot access property 'document' after actor 'FormHandler' has been destroyed
console.warn: LoginRecipes: "Falling back to a synchronous message for: https://www.demoblaze.com."
console.warn: LoginRecipes: "Falling back to a synchronous message for: https://www.demoblaze.com."
console.warn: LoginRecipes: "Falling back to a synchronous message for: https://www.demoblaze.com."
JavaScript error: resource://gre/actors/FormHandlerChild.sys.mjs, line 103: InvalidStateError: JSWindowActorChild.document getter: Cannot access property 'document' after actor 'FormHandler' has been destroyed
JavaScript error: resource://gre/actors/FormHandlerChild.sys.mjs, line 103: InvalidStateError: JSWindowActorChild.document getter: Cannot access property 'document' after actor 'FormHandler' has been destroyed
console.warn: LoginRecipes: "Falling back to a synchronous message for: https://www.demoblaze.com."
console.warn: LoginRecipes: "Falling back to a synchronous message for: https://www.demoblaze.com."
console.warn: LoginRecipes: "Falling back to a synchronous message for: https://www.demoblaze.com."
JavaScript error: resource://gre/actors/FormHandlerChild.sys.mjs, line 103: InvalidStateError: JSWindowActorChild.document getter: Cannot access property 'document' after actor 'FormHandler' has been destroyed
JavaScript error: resource://gre/actors/FormHandlerChild.sys.mjs, line 103: InvalidStateError: JSWindowActorChild.document getter: Cannot access property 'document' after actor 'FormHandler' has been destroyed
JavaScript error: resource://gre/actors/FormHandlerChild.sys.mjs, line 103: InvalidStateError: JSWindowActorChild.document getter: Cannot access property 'document' after actor 'FormHandler' has been destroyed
