1763834584728	geckodriver	INFO	Listening on 127.0.0.1:57353
1763834587844	mozrunner::runner	INFO	Running command: "C:\\Users\\clems\\.cache\\selenium\\firefox\\win64\\145.0.1\\firefox.exe" "--marionette" "--remote-debuggin ... 4" "--remote-allow-hosts" "localhost" "-no-remote" "-profile" "C:\\Users\\clems\\AppData\\Local\\Temp\\rust_mozprofileAtCjnB"
console.warn: services.settings: Ignoring preference override of remote settings server
console.warn: services.settings: Allow by setting MOZ_REMOTE_SETTINGS_DEVTOOLS=1 in the environment
Dynamically enable window occlusion 0
1763834612700	Marionette	INFO	Marionette enabled
1763834612892	Marionette	INFO	Listening on port 57363
WebDriver BiDi listening on ws://127.0.0.1:57354
Read port: 57363
1763834613066	RemoteAgent	WARN	TLS certificate errors will be ignored for this session
[GFX1-]: Fallback WR to SW-WR + D3D11
[GFX1-]: Failed to launch GPU process after 3 attempts
[GFX1-]: [D3D11] failed to get compositor device.
[GFX1-]: Failed to initialize CompositorD3D11 for SWGL: FEATURE_FAILURE_D3D11_NO_DEVICE
JavaScript error: resource://services-settings/Utils.sys.mjs, line 267: NS_ERROR_OUT_OF_MEMORY: 
out of memory: 0x0000000000000018 bytes requested
out of memory: 0x0000000000000800 bytes requested
A content process crashed and MOZ_CRASHREPORTER_SHUTDOWN is set, shutting down
[GFX1-]: RenderCompositorSWGL failed mapping default framebuffer, no dt
1763834678637	Marionette	INFO	Stopped listening on port 57363
Dynamically enable window occlusion 1
A content process crashed and MOZ_CRASHREPORTER_SHUTDOWN is set, shutting down
A content process crashed and MOZ_CRASHREPORTER_SHUTDOWN is set, shutting down
A content process crashed and MOZ_CRASHREPORTER_SHUTDOWN is set, shutting down
console.error: (new TypeError("NetworkError when attempting to fetch resource.", ""))
console.error: (new Error("OHTTP was configured for https://ads.mozilla.org/v1/delete_user but we couldn't fetch a valid config", "moz-src:///browser/modules/ContextId.sys.mjs", 234))
console.error: "Failed to fetch https://spocs.getpocket.com/user:" "NetworkError when attempting to fetch resource."
console.warn: TopSitesFeed: Failed to fetch data from MARS server: NetworkError when attempting to fetch resource.
JavaScript error: resource://gre/modules/ObliviousHTTP.sys.mjs, line 117: NS_ERROR_XPC_CANT_CONVERT_PRIMITIVE_TO_ARRAY: Cannot convert primitive JavaScript value into an array arg 2 [nsIObliviousHttpService.newChannel]
