1763834441797	geckodriver	INFO	Listening on 127.0.0.1:57236
1763834444720	mozrunner::runner	INFO	Running command: "C:\\Users\\clems\\.cache\\selenium\\firefox\\win64\\145.0.1\\firefox.exe" "--marionette" "--remote-debuggin ... 7" "--remote-allow-hosts" "localhost" "-no-remote" "-profile" "C:\\Users\\clems\\AppData\\Local\\Temp\\rust_mozprofiledExtgu"
console.warn: services.settings: Ignoring preference override of remote settings server
console.warn: services.settings: Allow by setting MOZ_REMOTE_SETTINGS_DEVTOOLS=1 in the environment
Dynamically enable window occlusion 0
1763834449895	Marionette	INFO	Marionette enabled
1763834450342	Marionette	INFO	Listening on port 57265
Read port: 57265
WebDriver BiDi listening on ws://127.0.0.1:57237
1763834450862	RemoteAgent	WARN	TLS certificate errors will be ignored for this session
[GFX1-]: Calling WaitFlushedEvent::Run: is delayed: 5318
JavaScript error: resource://gre/actors/FormHandlerChild.sys.mjs, line 103: InvalidStateError: JSWindowActorChild.document getter: Cannot access property 'document' after actor 'FormHandler' has been destroyed
console.warn: LoginRecipes: "Falling back to a synchronous message for: https://www.demoblaze.com."
console.warn: LoginRecipes: "Falling back to a synchronous message for: https://www.demoblaze.com."
console.warn: LoginRecipes: "Falling back to a synchronous message for: https://www.demoblaze.com."
JavaScript error: resource://gre/actors/PictureInPictureChild.sys.mjs, line 381: TypeError: can't access dead object
JavaScript error: resource://gre/actors/FormHandlerChild.sys.mjs, line 103: InvalidStateError: JSWindowActorChild.document getter: Cannot access property 'document' after actor 'FormHandler' has been destroyed
JavaScript error: resource://gre/actors/FormHandlerChild.sys.mjs, line 103: InvalidStateError: JSWindowActorChild.document getter: Cannot access property 'document' after actor 'FormHandler' has been destroyed
[GFX1-]: DCompositionSurface::BeginDraw failed: 0x8007000e Rect(x=524672, y=524352, w=640, h=448)
[GFX1-]: Handling webrender error 4
[GFX1-]: CompositorBridgeChild receives IPC close with reason=AbnormalShutdown
[GFX1-]: CompositorBridgeChi[GFX1-]: ld recCompositeives IPC close with roerBridgeChild receives IPC close with r[eGFX1-]: Composiason=aAbnormalShutdson=AbnormalShutdownowntorBridgeChild receives IPC close with reason=Abnorm
alShutdown

[GFX1-]: CompositorBridgeChild receives IPC close with reason=AbnormalShutdown
[Parent 50356, Main Thread] WARNING: base::KillProcess refusing to terminate process handle 0: file /builds/worker/checkouts/gecko/ipc/chromium/src/base/process_util_win.cc:350
[GFX1-]: CompositorBridgeChild receives IPC close with reason=AbnormalShutdown
[GFX1-]: Failed to load a program object with a program binary: gpu_cache_update renderer ANGLE (AMD, AMD Radeon(TM) RX Vega 10 Graphics Direct3D11 vs_5_0 ps_5_0, D3D11-31.0.12014.3005)

[ERROR webrender::device::gl] Failed to load a program object with a program binary: gpu_cache_update renderer ANGLE (AMD, AMD Radeon(TM) RX Vega 10 Graphics Direct3D11 vs_5_0 ps_5_0, D3D11-31.0.12014.3005)
    
[GFX1-]: shader-cache: Failed program_binary
[ERROR webrender_bindings::program_cache] shader-cache: Failed program_binary
[GFX1-]: Failed to compile vertex shader: gpu_cache_update

[ERROR webrender::device::gl] Failed to compile vertex shader: gpu_cache_update
    
[GFX1-]: wr_window_new: Shader(Compilation("gpu_cache_update", ""))
[GFX1-]: NewRenderer::Run is slow: 5182
[GFX1-]: Failed to connect WebRenderBridgeChild. isParent=true
[GFX1-]: Fallback WR to SW-WR + D3D11
[GFX1-]: [D3D11] CreateInputLayout failed: 0x887a0005
[GFX1-]: [D3D11] failed to get compositor device attachments
[GFX1-]: Failed to initialize CompositorD3D11 for SWGL: FEATURE_FAILURE_D3D11_INPUT_LAYOUT
out of memory: 0x0000000000000FA0 bytes requested
[GFX1[-GFX[GFX1-]: CompositorBridgeC]: CompositorBridgeChild receives IPC close with reason=AbnormalShutdown
[1hild receives IPC close with reason=AGFX1-]: Failed as lost WebRenderBridgeCb-]: CompositorBnormalShutdown
[GFX1-]: CompositorBridgeChild receives IPC close with reason=AbhridgeChild receives IPC close with reason=AbnormalShutdown
inld.
ormalShutdown
[GFX1-]: Fallback SW-WR + D3D11 to SW-WR
[GFX1-]: Fallback SW-WR, disable remote canvas
[GFX1-]: Failed to launch GPU process after 3 attempts
[GFX1-]: Failed as lost WebRenderBridgeChild.
[GFX1-]: CompositorBridgeChild receives IPC close with reason=AbnormalShutdown
[GFX1-]: CompositorBridgeChild receives IPC close with reason=AbnormalShutdown
IPDL protocol error: Handler returned error code!

###!!! [Parent][DispatchSyncMessage] Error: PCompositorBridge::Msg_NotifyChildRecreated Processing error: message was deserialized, but the handler returned false (indicating failure)

[GFX1-]: Failed as lost WebRenderBridgeChild.
[GFX1-]: CompositorBridgeChild receives IPC close with reason=AbnormalShutdown
IPDL protocol error: Handler returned error code!

###!!! [Parent][DispatchSyncMessage] Error: PCompositorBridge::Msg_NotifyChildRecreated Processing error: message was deserialized, but the handler returned false (indicating failure)

[GFX1-]: Failed to create WebRenderBridgeChild.
IPDL protocol error: Handler returned error code!

###!!! [Parent][DispatchSyncMessage] Error: PCompositorBridge::Msg_NotifyChildRecreated Processing error: message was deserialized, but the handler returned false (indicating failure)

Exiting due to channel error.
