1763833637063	geckodriver	INFO	Listening on 127.0.0.1:56864
1763833640110	mozrunner::runner	INFO	Running command: "C:\\Users\\clems\\.cache\\selenium\\firefox\\win64\\145.0.1\\firefox.exe" "--marionette" "--remote-debuggin ... 5" "--remote-allow-hosts" "localhost" "-no-remote" "-profile" "C:\\Users\\clems\\AppData\\Local\\Temp\\rust_mozprofile6zKP5n"
console.warn: services.settings: Ignoring preference override of remote settings server
console.warn: services.settings: Allow by setting MOZ_REMOTE_SETTINGS_DEVTOOLS=1 in the environment
Dynamically enable window occlusion 0
1763833644025	Marionette	INFO	Marionette enabled
1763833644953	Marionette	INFO	Listening on port 56872
Read port: 56872
WebDriver BiDi listening on ws://127.0.0.1:56865
1763833645832	RemoteAgent	WARN	TLS certificate errors will be ignored for this session
[GFX1-]: Calling WaitFlushedEvent::Run: is delayed: 2567
[GFX1-]: DCompositionSurface::BeginDraw failed: 0x8007000e Rect(x=525312, y=524352, w=640, h=448)
[GFX1-]: Handling webrender error 4
[GFX1-]: CompositorBridgeChild receives IPC close with reason=AbnormalShutdown
[GFX1-]: CompositorBridgeChild receives IPC close with reason=AbnormalShut[GFdown
X1-]: CompositorBridgeChild receives IPC close with reason=AbnormalShutdown
[GFX1-]: CompositorBridgeChild receives IPC close with reason=AbnormalShutdown
[GFX1-]: CompositorBridgeChild receives IPC close with reason=AbnormalShutdown
[Parent 44316, Main Thread] WARNING: base::KillProcess refusing to terminate process handle 0: file /builds/worker/checkouts/gecko/ipc/chromium/src/base/process_util_win.cc:350
[GFX1-]: CompositorBridgeChild receives IPC close with reason=AbnormalShutdown
Exiting due to channel error.
Exiting due to channel error.
Exiting due to channel error.
Exiting due to channel error.
Exiting due to channel error.
