1763833933650	geckodriver	INFO	Listening on 127.0.0.1:61431
1763833936795	mozrunner::runner	INFO	Running command: "C:\\Users\\clems\\.cache\\selenium\\firefox\\win64\\145.0.1\\firefox.exe" "--marionette" "--remote-debuggin ... 2" "--remote-allow-hosts" "localhost" "-no-remote" "-profile" "C:\\Users\\clems\\AppData\\Local\\Temp\\rust_mozprofile4Jf6Tg"
console.warn: services.settings: Ignoring preference override of remote settings server
console.warn: services.settings: Allow by setting MOZ_REMOTE_SETTINGS_DEVTOOLS=1 in the environment
Dynamically enable window occlusion 0
1763833961643	Marionette	INFO	Marionette enabled
1763833961823	Marionette	INFO	Listening on port 61439
WebDriver BiDi listening on ws://127.0.0.1:61432
Read port: 61439
1763833962021	RemoteAgent	WARN	TLS certificate errors will be ignored for this session
[GFX1-]: Fallback WR to SW-WR + D3D11
[GFX1-]: Failed to launch GPU process after 3 attempts
[GFX1-]: [D3D11] failed to get compositor device.
[GFX1-]: Failed to initialize CompositorD3D11 for SWGL: FEATURE_FAILURE_D3D11_NO_DEVICE
[GFX1-]: [D3D11] create vs failed: 0x887a0005
_create_dc_and_bitmap: Les ressources mémoire disponibles sont insuffisantes pour traiter cette commande.
[GFX1-]: Flush with bad surface 1
[GFX1-]: (gfxWindowsPlatform) Detected device reset: 4
[GFX1-]: (gfxWindowsPlatform) scheduled device update.
[GFX1-]: (nsWindow) Detected device reset: 4
[GFX1-]: Detect DeviceReset DeviceResetReason::DRIVER_ERROR DeviceResetDetectPlace::WIDGET in Parent process
[GFX1-]: (nsWindow) Finished device reset.
[GFX1-]: wr_renderer_render: OutOfMemory
[GFX1-]: Handling webrender error 2
[GFX1-]: Fallback SW-WR + D3D11 to SW-WR
JavaScript error: , line 0: uncaught exception: out of memory
JavaScript error: https://www.demoblaze.com/node_modules/videojs-contrib-hls/dist/videojs-contrib-hls.min.js, line 1: SyntaxError: unexpected token: ')'
JavaScript error: resource://gre/actors/FormHandlerChild.sys.mjs, line 103: InvalidStateError: JSWindowActorChild.document getter: Cannot access property 'document' after actor 'FormHandler' has been destroyed
JavaScript error: https://www.demoblaze.com/js/index.js, line 55: ReferenceError: videojs is not defined
Marionette threw an error: [Exception... "Data conversion failed because significant data would be lost"  nsresult: "0x80460003 (NS_ERROR_LOSS_OF_SIGNIFICANT_DATA)"  location: "<unknown>"  data: no]

console.error: "Marionette threw an error: [Exception... \"Data conversion failed because significant data would be lost\"  nsresult: \"0x80460003 (NS_ERROR_LOSS_OF_SIGNIFICANT_DATA)\"  location: \"<unknown>\"  data: no]\n"
Exiting due to channel error.
